<?xml version="1.0" encoding="UTF-8"?>
<testsuite xmlns:xsi="http://www.w3.org/2001/XMLSchema-instance" xsi:noNamespaceSchemaLocation="https://maven.apache.org/surefire/maven-surefire-plugin/xsd/surefire-test-report-3.0.xsd" version="3.0" name="muon.app.AppTest" time="0.004" tests="1" errors="0" skipped="0" failures="0">
  <properties>
    <property name="sun.desktop" value="windows"/>
    <property name="awt.toolkit" value="sun.awt.windows.WToolkit"/>
    <property name="jdk.extensions.version" value="13.0.2.0"/>
    <property name="file.encoding.pkg" value="sun.io"/>
    <property name="java.specification.version" value="13"/>
    <property name="sun.jnu.encoding" value="Cp1252"/>
    <property name="java.class.path" value="C:\Users\subhro\.m2\repository\org\apache\maven\surefire\surefire-booter\3.0.0-M3\surefire-booter-3.0.0-M3.jar;C:\Users\subhro\.m2\repository\org\apache\maven\surefire\surefire-api\3.0.0-M3\surefire-api-3.0.0-M3.jar;C:\Users\subhro\.m2\repository\org\apache\maven\surefire\surefire-logger-api\3.0.0-M3\surefire-logger-api-3.0.0-M3.jar;C:\Users\subhro\eclipse-workspace\muon\muon-app\target\test-classes;C:\Users\subhro\eclipse-workspace\muon\muon-app\target\classes;C:\Users\subhro\eclipse-workspace\muon\muon-jediterm\target\muon-jediterm-0.0.1-SNAPSHOT.jar;C:\Users\subhro\.m2\repository\junit\junit\3.8.1\junit-3.8.1.jar;C:\Users\subhro\.m2\repository\org\apache\logging\log4j\log4j-core\2.13.0\log4j-core-2.13.0.jar;C:\Users\subhro\.m2\repository\org\apache\logging\log4j\log4j-api\2.13.0\log4j-api-2.13.0.jar;C:\Users\subhro\.m2\repository\org\apache\logging\log4j\log4j-1.2-api\2.13.0\log4j-1.2-api-2.13.0.jar;C:\Users\subhro\.m2\repository\org\slf4j\slf4j-api\1.7.30\slf4j-api-1.7.30.jar;C:\Users\subhro\.m2\repository\com\fifesoft\rsyntaxtextarea\2.6.1\rsyntaxtextarea-2.6.1.jar;C:\Users\subhro\.m2\repository\commons-net\commons-net\3.6\commons-net-3.6.jar;C:\Users\subhro\.m2\repository\com\shinyhut\vernacular\1.6\vernacular-1.6.jar;C:\Users\subhro\.m2\repository\com\fasterxml\jackson\core\jackson-databind\2.10.1\jackson-databind-2.10.1.jar;C:\Users\subhro\.m2\repository\com\fasterxml\jackson\core\jackson-annotations\2.10.1\jackson-annotations-2.10.1.jar;C:\Users\subhro\.m2\repository\com\fasterxml\jackson\core\jackson-core\2.10.1\jackson-core-2.10.1.jar;C:\Users\subhro\.m2\repository\com\fifesoft\rstaui\3.0.6\rstaui-3.0.6.jar;C:\Users\subhro\.m2\repository\com\fifesoft\autocomplete\3.0.5\autocomplete-3.0.5.jar;C:\Users\subhro\.m2\repository\org\bouncycastle\bcprov-jdk15on\1.64\bcprov-jdk15on-1.64.jar;C:\Users\subhro\.m2\repository\commons-io\commons-io\2.6\commons-io-2.6.jar;C:\Users\subhro\.m2\repository\org\tukaani\xz\1.8\xz-1.8.jar;C:\Users\subhro\.m2\repository\org\jvnet\com4j\com4j\2.1\com4j-2.1.jar;C:\Users\subhro\.m2\repository\net\java\dev\jna\jna\5.5.0\jna-5.5.0.jar;C:\Users\subhro\.m2\repository\net\java\dev\jna\jna-platform\5.5.0\jna-platform-5.5.0.jar;C:\Users\subhro\.m2\repository\net\i2p\crypto\eddsa\0.3.0\eddsa-0.3.0.jar;C:\Users\subhro\.m2\repository\com\hierynomus\sshj\0.27.0\sshj-0.27.0.jar;C:\Users\subhro\.m2\repository\org\bouncycastle\bcpkix-jdk15on\1.60\bcpkix-jdk15on-1.60.jar;C:\Users\subhro\.m2\repository\com\jcraft\jzlib\1.1.3\jzlib-1.1.3.jar;C:\Users\subhro\.m2\repository\com\jcraft\jsch\0.1.54\jsch-0.1.54.jar;C:\Users\subhro\.m2\repository\org\apache\maven\surefire\surefire-junit3\3.0.0-M3\surefire-junit3-3.0.0-M3.jar;C:\Users\subhro\.m2\repository\org\apache\maven\surefire\common-junit3\3.0.0-M3\common-junit3-3.0.0-M3.jar"/>
    <property name="java.vm.vendor" value="Eclipse OpenJ9"/>
    <property name="sun.arch.data.model" value="64"/>
    <property name="com.ibm.vm.bitmode" value="64"/>
    <property name="user.variant" value=""/>
    <property name="com.ibm.oti.vm.library.version" value="29"/>
    <property name="java.vendor.url" value="https://adoptopenjdk.net/"/>
    <property name="user.timezone" value="Europe/Berlin"/>
    <property name="os.name" value="Windows 10"/>
    <property name="java.vm.specification.version" value="13"/>
    <property name="sun.java.launcher" value="SUN_STANDARD"/>
    <property name="user.country" value="US"/>
    <property name="sun.boot.library.path" value="C:\Program Files\AdoptOpenJDK\jdk-13.0.2.8-openj9\bin\compressedrefs;C:\Program Files\AdoptOpenJDK\jdk-13.0.2.8-openj9\bin"/>
    <property name="sun.java.command" value="org.apache.maven.surefire.booter.ForkedBooter C:\Users\subhro\AppData\Local\Temp\surefire4604022214129183313 2020-04-14T16-00-49_161-jvmRun1 surefire1649474683553093237tmp surefire_07381334128595581464tmp"/>
    <property name="surefire.test.class.path" value="C:\Users\subhro\eclipse-workspace\muon\muon-app\target\test-classes;C:\Users\subhro\eclipse-workspace\muon\muon-app\target\classes;C:\Users\subhro\eclipse-workspace\muon\muon-jediterm\target\muon-jediterm-0.0.1-SNAPSHOT.jar;C:\Users\subhro\.m2\repository\junit\junit\3.8.1\junit-3.8.1.jar;C:\Users\subhro\.m2\repository\org\apache\logging\log4j\log4j-core\2.13.0\log4j-core-2.13.0.jar;C:\Users\subhro\.m2\repository\org\apache\logging\log4j\log4j-api\2.13.0\log4j-api-2.13.0.jar;C:\Users\subhro\.m2\repository\org\apache\logging\log4j\log4j-1.2-api\2.13.0\log4j-1.2-api-2.13.0.jar;C:\Users\subhro\.m2\repository\org\slf4j\slf4j-api\1.7.30\slf4j-api-1.7.30.jar;C:\Users\subhro\.m2\repository\com\fifesoft\rsyntaxtextarea\2.6.1\rsyntaxtextarea-2.6.1.jar;C:\Users\subhro\.m2\repository\commons-net\commons-net\3.6\commons-net-3.6.jar;C:\Users\subhro\.m2\repository\com\shinyhut\vernacular\1.6\vernacular-1.6.jar;C:\Users\subhro\.m2\repository\com\fasterxml\jackson\core\jackson-databind\2.10.1\jackson-databind-2.10.1.jar;C:\Users\subhro\.m2\repository\com\fasterxml\jackson\core\jackson-annotations\2.10.1\jackson-annotations-2.10.1.jar;C:\Users\subhro\.m2\repository\com\fasterxml\jackson\core\jackson-core\2.10.1\jackson-core-2.10.1.jar;C:\Users\subhro\.m2\repository\com\fifesoft\rstaui\3.0.6\rstaui-3.0.6.jar;C:\Users\subhro\.m2\repository\com\fifesoft\autocomplete\3.0.5\autocomplete-3.0.5.jar;C:\Users\subhro\.m2\repository\org\bouncycastle\bcprov-jdk15on\1.64\bcprov-jdk15on-1.64.jar;C:\Users\subhro\.m2\repository\commons-io\commons-io\2.6\commons-io-2.6.jar;C:\Users\subhro\.m2\repository\org\tukaani\xz\1.8\xz-1.8.jar;C:\Users\subhro\.m2\repository\org\jvnet\com4j\com4j\2.1\com4j-2.1.jar;C:\Users\subhro\.m2\repository\net\java\dev\jna\jna\5.5.0\jna-5.5.0.jar;C:\Users\subhro\.m2\repository\net\java\dev\jna\jna-platform\5.5.0\jna-platform-5.5.0.jar;C:\Users\subhro\.m2\repository\net\i2p\crypto\eddsa\0.3.0\eddsa-0.3.0.jar;C:\Users\subhro\.m2\repository\com\hierynomus\sshj\0.27.0\sshj-0.27.0.jar;C:\Users\subhro\.m2\repository\org\bouncycastle\bcpkix-jdk15on\1.60\bcpkix-jdk15on-1.60.jar;C:\Users\subhro\.m2\repository\com\jcraft\jzlib\1.1.3\jzlib-1.1.3.jar;C:\Users\subhro\.m2\repository\com\jcraft\jsch\0.1.54\jsch-0.1.54.jar;"/>
    <property name="sun.cpu.endian" value="little"/>
    <property name="user.home" value="C:\Users\subhro"/>
    <property name="user.language" value="en"/>
    <property name="java.specification.vendor" value="Oracle Corporation"/>
    <property name="java.version.date" value="2020-01-14"/>
    <property name="java.home" value="C:\Program Files\AdoptOpenJDK\jdk-13.0.2.8-openj9"/>
    <property name="ibm.signalhandling.rs" value="false"/>
    <property name="file.separator" value="\"/>
    <property name="jdk.extensions.name" value="Extensions for OpenJDK for Eclipse OpenJ9"/>
    <property name="basedir" value="C:\Users\subhro\eclipse-workspace\muon\muon-app"/>
    <property name="line.separator" value="&#10;"/>
    <property name="java.vm.specification.vendor" value="Oracle Corporation"/>
    <property name="java.specification.name" value="Java Platform API Specification"/>
    <property name="java.compiler" value="j9jit29"/>
    <property name="com.ibm.util.extralibs.properties" value=""/>
    <property name="java.awt.graphicsenv" value="sun.awt.Win32GraphicsEnvironment"/>
    <property name="com.ibm.oti.configuration" value="scar"/>
    <property name="java.awt.fonts" value=""/>
    <property name="com.ibm.oti.shared.enabled" value="false"/>
    <property name="jdk.boot.class.path.append" value=""/>
    <property name="com.ibm.oti.vm.bootstrap.library.path" value="C:\Program Files\AdoptOpenJDK\jdk-13.0.2.8-openj9\bin\compressedrefs;C:\Program Files\AdoptOpenJDK\jdk-13.0.2.8-openj9\bin"/>
    <property name="com.ibm.cpu.endian" value="little"/>
    <property name="java.fullversion" value="13.0.2+8&#10;JRE 13 Windows 10 amd64-64-Bit Compressed References 20200117_154 (JIT enabled, AOT enabled)&#10;OpenJ9   - 6968c18d7&#10;OMR      - 7a1b0239a&#10;JCL      - 9c5a41bd5f based on jdk-13.0.2+8"/>
    <property name="java.runtime.version" value="13.0.2+8"/>
    <property name="user.name" value="subhro"/>
    <property name="path.separator" value=";"/>
    <property name="os.version" value="10.0"/>
    <property name="java.runtime.name" value="OpenJDK Runtime Environment"/>
    <property name="ibm.signalhandling.sigint" value="true"/>
    <property name="file.encoding" value="Cp1252"/>
    <property name="java.vm.name" value="Eclipse OpenJ9 VM"/>
    <property name="java.vendor.version" value="AdoptOpenJDK"/>
    <property name="ibm.signalhandling.sigchain" value="true"/>
    <property name="localRepository" value="C:\Users\subhro\.m2\repository"/>
    <property name="java.vendor.url.bug" value="https://github.com/AdoptOpenJDK/openjdk-support/issues"/>
    <property name="java.io.tmpdir" value="C:\Users\subhro\AppData\Local\Temp\"/>
    <property name="java.version" value="13.0.2"/>
    <property name="com.ibm.system.agent.path" value="C:\Program Files\AdoptOpenJDK\jdk-13.0.2.8-openj9\bin"/>
    <property name="user.dir" value="C:\Users\subhro\eclipse-workspace\muon\muon-app"/>
    <property name="os.arch" value="amd64"/>
    <property name="java.vm.specification.name" value="Java Virtual Machine Specification"/>
    <property name="java.awt.printerjob" value="sun.awt.windows.WPrinterJob"/>
    <property name="sun.nio.PageAlignDirectMemory" value="false"/>
    <property name="os.encoding" value="UTF8"/>
    <property name="java.library.path" value="C:\Program Files\AdoptOpenJDK\jdk-13.0.2.8-openj9\bin\compressedrefs;C:\Program Files\AdoptOpenJDK\jdk-13.0.2.8-openj9\bin;C:\WINDOWS\system32;C:\WINDOWS;C:\Users\subhro\Miniconda3\condabin;C:/Program Files/AdoptOpenJDK/jdk-13.0.2.8-openj9/bin/j9vm;C:/Program Files/AdoptOpenJDK/jdk-13.0.2.8-openj9/bin;C:\Program Files\Vala for Windows\bin;C:\Program Files\AdoptOpenJDK\jdk-13.0.2.8-openj9\bin;C:\Qt\Qt5.12.5\5.12.5\mingw73_64\bin;C:\Qt\Qt5.12.5\Tools\mingw730_64\bin;C:\Users\subhro\AppData\Local\Programs\Python\Python38;C:\msys64\mingw64\lib\pkgconfig;C:\msys64\usr\bin;C:\msys64\mingw64\bin;C:\Program Files\Java\jdk-11.0.1\bin;C:\Program Files (x86)\Intel\Intel(R) Management Engine Components\iCLS\;C:\Program Files\Intel\Intel(R) Management Engine Components\iCLS\;C:\Windows\system32;C:\Windows;C:\Windows\System32\Wbem;C:\Windows\System32\WindowsPowerShell\v1.0\;C:\Program Files (x86)\Intel\Intel(R) Management Engine Components\DAL;C:\Program Files\Intel\Intel(R) Management Engine Components\DAL;C:\Program Files (x86)\Intel\Intel(R) Management Engine Components\IPT;C:\Program Files\Intel\Intel(R) Management Engine Components\IPT;C:\Program Files (x86)\NVIDIA Corporation\PhysX\Common;C:\Program Files\Intel\WiFi\bin\;C:\Program Files\Common Files\Intel\WirelessCommon\;C:\WINDOWS\system32;C:\WINDOWS;C:\WINDOWS\System32\Wbem;C:\WINDOWS\System32\WindowsPowerShell\v1.0\;C:\WINDOWS\System32\OpenSSH\;D:\BIN\maven\bin;C:\Program Files\nodejs\;C:\Program Files (x86)\PuTTY\;D:\BIN\apps\wix;C:\Strawberry\c\bin;C:\Strawberry\perl\site\bin;C:\Strawberry\perl\bin;C:\Users\subhro\AppData\Roaming\Python\Python38\Scripts;C:\Program Files\NVIDIA Corporation\NVIDIA NvDLISR;C:\Program Files\NVIDIA Corporation\Nsight Compute 2019.4.0\;C:\Program Files (x86)\GtkSharp\2.12\bin;C:\Program Files\GTK3-Runtime Win64\bin;C:\Users\subhro\Downloads\Compressed\GTK_x86_64_VS2017\installed\x64-windows\lib;C:\Users\subhro\Downloads\Compressed\GTK_x86_64_VS2017\installed\x64-windows\lib\pkgconfig;C:\Users\subhro\Downloads\Compressed\GTK_x86_64_VS2017\installed\x64-windows\bin;C:\Users\subhro\Downloads\Compressed\GTK_x86_64_VS2017\installed\vcpkg\info;C:\Go\bin;C:\Program Files\Git\cmd;C:\Program Files\dotnet\;C:\Users\subhro\AppData\Local\Programs\Python\Python38\Scripts\;C:\Users\subhro\AppData\Local\Programs\Python\Python38\;C:\Users\subhro\AppData\Local\Microsoft\WindowsApps;C:\Users\subhro\AppData\Local\Programs\Fiddler;C:\Users\subhro\AppData\Roaming\npm;C:\Users\subhro\AppData\Local\Programs\Microsoft VS Code\bin;D:\BIN\apps\IntelliJ IDEA Community Edition 2019.1\bin;C:\Program Files\Docker Toolbox;C:\Users\subhro\AppData\Local\atom\bin;C:\Users\subhro\AppData\Local\GitHubDesktop\bin;C:\Program Files\JetBrains\IntelliJ IDEA Community Edition 2019.2\bin;;C:\Users\subhro\AppData\Local\Microsoft\WindowsApps;D:\apps\wix;C:\Users\subhro\go\bin;C:\Users\subhro\eclipse\java-2020-03\eclipse;;."/>
    <property name="java.vendor" value="AdoptOpenJDK"/>
    <property name="java.vm.info" value="JRE 13 Windows 10 amd64-64-Bit Compressed References 20200117_154 (JIT enabled, AOT enabled)&#10;OpenJ9   - 6968c18d7&#10;OMR      - 7a1b0239a&#10;JCL      - 9c5a41bd5f based on jdk-13.0.2+8"/>
    <property name="sun.nio.MaxDirectMemorySize" value="1842864128"/>
    <property name="java.vm.version" value="openj9-0.18.0"/>
    <property name="com.ibm.jcl.checkClassPath" value=""/>
    <property name="ibm.system.encoding" value="Cp1252"/>
    <property name="sun.io.unicode.encoding" value="UnicodeLittle"/>
    <property name="java.class.version" value="57.0"/>
  </properties>
  <testcase name="testApp" classname="muon.app.AppTest" time="0.001"/>
</testsuite>